#! /usr/local/bin/vvp
:ivl_version "13.0 (devel)" "(s20221226-126-gb210eb826)";
:ivl_delay_selection "TYPICAL";
:vpi_time_precision + 0;
:vpi_module "/usr/local/lib/ivl/system.vpi";
:vpi_module "/usr/local/lib/ivl/vhdl_sys.vpi";
:vpi_module "/usr/local/lib/ivl/vhdl_textio.vpi";
:vpi_module "/usr/local/lib/ivl/v2005_math.vpi";
:vpi_module "/usr/local/lib/ivl/va_math.vpi";
S_0x5607ee3f8b00 .scope module, "bidir_shift_reg_tb" "bidir_shift_reg_tb" 2 1;
 .timescale 0 0;
P_0x5607ee405d70 .param/l "MSB" 0 2 4, +C4<00000000000000000000000000001000>;
v0x5607ee425720_0 .var "carry_in", 0 0;
v0x5607ee4257e0_0 .net "carry_out", 0 0, v0x5607ee424f80_0;  1 drivers
v0x5607ee4258b0_0 .var "circular", 0 0;
v0x5607ee4259b0_0 .var "clk", 0 0;
v0x5607ee425a80_0 .var "d", 0 0;
v0x5607ee425b20_0 .var "dir", 0 0;
v0x5607ee425bf0_0 .var "en", 0 0;
v0x5607ee425cc0_0 .net "out", 7 0, v0x5607ee425460_0;  1 drivers
v0x5607ee425d90_0 .var "rstn", 0 0;
S_0x5607ee40a880 .scope module, "dut" "bidir_shift_reg" 2 18, 3 1 0, S_0x5607ee3f8b00;
 .timescale 0 0;
    .port_info 0 /INPUT 1 "d";
    .port_info 1 /INPUT 1 "clk";
    .port_info 2 /INPUT 1 "en";
    .port_info 3 /INPUT 1 "dir";
    .port_info 4 /INPUT 1 "circular";
    .port_info 5 /INPUT 1 "rstn";
    .port_info 6 /INPUT 1 "carry_in";
    .port_info 7 /OUTPUT 8 "out";
    .port_info 8 /OUTPUT 1 "carry_out";
P_0x5607ee40aa60 .param/l "MSB" 0 3 1, +C4<00000000000000000000000000001000>;
v0x5607ee3f8790_0 .net "carry_in", 0 0, v0x5607ee425720_0;  1 drivers
v0x5607ee424f80_0 .var "carry_out", 0 0;
v0x5607ee425040_0 .net "circular", 0 0, v0x5607ee4258b0_0;  1 drivers
v0x5607ee425110_0 .net "clk", 0 0, v0x5607ee4259b0_0;  1 drivers
v0x5607ee4251d0_0 .net "d", 0 0, v0x5607ee425a80_0;  1 drivers
v0x5607ee4252e0_0 .net "dir", 0 0, v0x5607ee425b20_0;  1 drivers
v0x5607ee4253a0_0 .net "en", 0 0, v0x5607ee425bf0_0;  1 drivers
v0x5607ee425460_0 .var "out", 7 0;
v0x5607ee425540_0 .net "rstn", 0 0, v0x5607ee425d90_0;  1 drivers
E_0x5607ee3cd880 .event posedge, v0x5607ee425110_0;
    .scope S_0x5607ee40a880;
T_0 ;
    %wait E_0x5607ee3cd880;
    %load/vec4 v0x5607ee425540_0;
    %nor/r;
    %flag_set/vec4 8;
    %jmp/0xz  T_0.0, 8;
    %pushi/vec4 0, 0, 8;
    %assign/vec4 v0x5607ee425460_0, 0;
    %pushi/vec4 0, 0, 1;
    %assign/vec4 v0x5607ee424f80_0, 0;
    %jmp T_0.1;
T_0.0 ;
    %load/vec4 v0x5607ee4253a0_0;
    %flag_set/vec4 8;
    %jmp/0xz  T_0.2, 8;
    %load/vec4 v0x5607ee425040_0;
    %flag_set/vec4 8;
    %jmp/0xz  T_0.4, 8;
    %load/vec4 v0x5607ee425460_0;
    %parti/s 1, 0, 2;
    %assign/vec4 v0x5607ee424f80_0, 0;
    %load/vec4 v0x5607ee4252e0_0;
    %flag_set/vec4 8;
    %jmp/0xz  T_0.6, 8;
    %load/vec4 v0x5607ee425460_0;
    %parti/s 1, 0, 2;
    %load/vec4 v0x5607ee425460_0;
    %parti/s 7, 1, 2;
    %concat/vec4; draw_concat_vec4
    %assign/vec4 v0x5607ee425460_0, 0;
    %jmp T_0.7;
T_0.6 ;
    %load/vec4 v0x5607ee425460_0;
    %parti/s 7, 0, 2;
    %load/vec4 v0x5607ee425460_0;
    %parti/s 1, 7, 4;
    %concat/vec4; draw_concat_vec4
    %assign/vec4 v0x5607ee425460_0, 0;
T_0.7 ;
    %jmp T_0.5;
T_0.4 ;
    %load/vec4 v0x5607ee3f8790_0;
    %assign/vec4 v0x5607ee424f80_0, 0;
    %load/vec4 v0x5607ee4252e0_0;
    %flag_set/vec4 8;
    %jmp/0xz  T_0.8, 8;
    %load/vec4 v0x5607ee425460_0;
    %parti/s 7, 0, 2;
    %load/vec4 v0x5607ee4251d0_0;
    %concat/vec4; draw_concat_vec4
    %assign/vec4 v0x5607ee425460_0, 0;
    %jmp T_0.9;
T_0.8 ;
    %load/vec4 v0x5607ee4251d0_0;
    %load/vec4 v0x5607ee425460_0;
    %parti/s 7, 1, 2;
    %concat/vec4; draw_concat_vec4
    %assign/vec4 v0x5607ee425460_0, 0;
T_0.9 ;
T_0.5 ;
    %jmp T_0.3;
T_0.2 ;
    %load/vec4 v0x5607ee425460_0;
    %assign/vec4 v0x5607ee425460_0, 0;
    %load/vec4 v0x5607ee3f8790_0;
    %assign/vec4 v0x5607ee424f80_0, 0;
T_0.3 ;
T_0.1 ;
    %jmp T_0;
    .thread T_0;
    .scope S_0x5607ee3f8b00;
T_1 ;
    %pushi/vec4 0, 0, 1;
    %store/vec4 v0x5607ee4259b0_0, 0, 1;
    %delay 5, 0;
    %pushi/vec4 1, 0, 1;
    %store/vec4 v0x5607ee4259b0_0, 0, 1;
    %delay 5, 0;
    %jmp T_1;
    .thread T_1;
    .scope S_0x5607ee3f8b00;
T_2 ;
    %pushi/vec4 0, 0, 1;
    %store/vec4 v0x5607ee425a80_0, 0, 1;
    %pushi/vec4 1, 0, 1;
    %store/vec4 v0x5607ee425bf0_0, 0, 1;
    %pushi/vec4 0, 0, 1;
    %store/vec4 v0x5607ee425b20_0, 0, 1;
    %pushi/vec4 0, 0, 1;
    %store/vec4 v0x5607ee4258b0_0, 0, 1;
    %pushi/vec4 1, 0, 1;
    %store/vec4 v0x5607ee425d90_0, 0, 1;
    %pushi/vec4 0, 0, 1;
    %store/vec4 v0x5607ee425720_0, 0, 1;
    %delay 10, 0;
    %vpi_call 2 52 "$display", "Testcase 1: Bidirectional Shift" {0 0 0};
    %delay 5, 0;
    %pushi/vec4 1, 0, 1;
    %store/vec4 v0x5607ee425a80_0, 0, 1;
    %delay 10, 0;
    %pushi/vec4 0, 0, 1;
    %store/vec4 v0x5607ee425a80_0, 0, 1;
    %delay 10, 0;
    %pushi/vec4 1, 0, 1;
    %store/vec4 v0x5607ee425a80_0, 0, 1;
    %delay 10, 0;
    %pushi/vec4 0, 0, 1;
    %store/vec4 v0x5607ee425a80_0, 0, 1;
    %delay 10, 0;
    %vpi_call 2 64 "$display", "Testcase 2: Circular Shift" {0 0 0};
    %pushi/vec4 1, 0, 1;
    %store/vec4 v0x5607ee425b20_0, 0, 1;
    %pushi/vec4 1, 0, 1;
    %store/vec4 v0x5607ee4258b0_0, 0, 1;
    %delay 10, 0;
    %pushi/vec4 1, 0, 1;
    %store/vec4 v0x5607ee425a80_0, 0, 1;
    %delay 10, 0;
    %pushi/vec4 0, 0, 1;
    %store/vec4 v0x5607ee425a80_0, 0, 1;
    %delay 10, 0;
    %pushi/vec4 1, 0, 1;
    %store/vec4 v0x5607ee425a80_0, 0, 1;
    %delay 10, 0;
    %pushi/vec4 0, 0, 1;
    %store/vec4 v0x5607ee425a80_0, 0, 1;
    %delay 10, 0;
    %vpi_call 2 78 "$finish" {0 0 0};
    %end;
    .thread T_2;
    .scope S_0x5607ee3f8b00;
T_3 ;
    %wait E_0x5607ee3cd880;
    %vpi_call 2 83 "$display", "dir = %b, circular = %b, d = %b, out = %b, carry_out = %b", v0x5607ee425b20_0, v0x5607ee4258b0_0, v0x5607ee425a80_0, v0x5607ee425cc0_0, v0x5607ee4257e0_0 {0 0 0};
    %jmp T_3;
    .thread T_3;
# The file index is used to find the file name in the following table.
:file_names 4;
    "N/A";
    "<interactive>";
    "final_tb.v";
    "final.v";
